<?xml version="1.0" encoding="UTF-8"?>
<testng-results skipped="0" failed="0" ignored="0" total="2" passed="2">
  <reporter-output>
  </reporter-output>
  <suite name="Opencart suite" duration-ms="14851" started-at="2021-03-24T23:42:00 EDT" finished-at="2021-03-24T23:42:15 EDT">
    <groups>
      <group name="regression">
        <method signature="TC_001_AccountRegistration.test_account_Registration()[pri:0, instance:testCases.TC_001_AccountRegistration@4abdb505]" name="test_account_Registration" class="testCases.TC_001_AccountRegistration"/>
      </group> <!-- regression -->
      <group name="sanity">
        <method signature="TC_002_Login.test_Login()[pri:0, instance:testCases.TC_002_Login@7ce6a65d]" name="test_Login" class="testCases.TC_002_Login"/>
      </group> <!-- sanity -->
      <group name="master">
        <method signature="TC_001_AccountRegistration.test_account_Registration()[pri:0, instance:testCases.TC_001_AccountRegistration@4abdb505]" name="test_account_Registration" class="testCases.TC_001_AccountRegistration"/>
        <method signature="TC_002_Login.test_Login()[pri:0, instance:testCases.TC_002_Login@7ce6a65d]" name="test_Login" class="testCases.TC_002_Login"/>
      </group> <!-- master -->
    </groups>
    <test name="OpenCartTests" duration-ms="14851" started-at="2021-03-24T23:42:00 EDT" finished-at="2021-03-24T23:42:15 EDT">
      <class name="testCases.TC_002_Login">
        <test-method status="PASS" signature="setup(java.lang.String)[pri:0, instance:testCases.TC_002_Login@7ce6a65d]" name="setup" is-config="true" duration-ms="1382" started-at="2021-03-24T23:42:10 EDT" finished-at="2021-03-24T23:42:11 EDT">
          <params>
            <param index="0">
              <value>
                <![CDATA[chrome]]>
              </value>
            </param>
          </params>
          <reporter-output>
          </reporter-output>
        </test-method> <!-- setup -->
        <test-method status="PASS" signature="test_Login()[pri:0, instance:testCases.TC_002_Login@7ce6a65d]" name="test_Login" duration-ms="3836" started-at="2021-03-24T23:42:11 EDT" finished-at="2021-03-24T23:42:15 EDT">
          <reporter-output>
          </reporter-output>
        </test-method> <!-- test_Login -->
        <test-method status="PASS" signature="tearDown()[pri:0, instance:testCases.TC_002_Login@7ce6a65d]" name="tearDown" is-config="true" duration-ms="133" started-at="2021-03-24T23:42:15 EDT" finished-at="2021-03-24T23:42:15 EDT">
          <reporter-output>
          </reporter-output>
        </test-method> <!-- tearDown -->
      </class> <!-- testCases.TC_002_Login -->
      <class name="testCases.TC_001_AccountRegistration">
        <test-method status="PASS" signature="setup(java.lang.String)[pri:0, instance:testCases.TC_001_AccountRegistration@4abdb505]" name="setup" is-config="true" duration-ms="4804" started-at="2021-03-24T23:42:01 EDT" finished-at="2021-03-24T23:42:06 EDT">
          <params>
            <param index="0">
              <value>
                <![CDATA[chrome]]>
              </value>
            </param>
          </params>
          <reporter-output>
          </reporter-output>
        </test-method> <!-- setup -->
        <test-method status="PASS" signature="test_account_Registration()[pri:0, instance:testCases.TC_001_AccountRegistration@4abdb505]" name="test_account_Registration" duration-ms="4113" started-at="2021-03-24T23:42:06 EDT" finished-at="2021-03-24T23:42:10 EDT">
          <reporter-output>
          </reporter-output>
        </test-method> <!-- test_account_Registration -->
        <test-method status="PASS" signature="tearDown()[pri:0, instance:testCases.TC_001_AccountRegistration@4abdb505]" name="tearDown" is-config="true" duration-ms="194" started-at="2021-03-24T23:42:10 EDT" finished-at="2021-03-24T23:42:10 EDT">
          <reporter-output>
          </reporter-output>
        </test-method> <!-- tearDown -->
      </class> <!-- testCases.TC_001_AccountRegistration -->
    </test> <!-- OpenCartTests -->
  </suite> <!-- Opencart suite -->
</testng-results>
